<?xml version="1.0" encoding="UTF-8"?>
<!-- Generated by org.testng.reporters.JUnitReportReporter -->
<testsuite hostname="Thinktimes-MacBook-Air.local" failures="0" tests="1" name="runners.TestRunner" time="22.039" errors="0" timestamp="2025-03-17T18:17:48 IST" skipped="0">
  <testcase classname="runners.TestRunner" name="runScenario" time="22.039"/>
</testsuite> <!-- runners.TestRunner -->
