<?xml version="1.0" encoding="UTF-8"?>
<!-- Generated by org.testng.reporters.JUnitReportReporter -->
<testsuite hostname="Thinktimes-MacBook-Air.local" failures="0" tests="1" name="runners.iOS_TestRunner" time="49.054" errors="0" timestamp="2025-03-18T17:39:00 IST" skipped="0">
  <testcase classname="runners.iOS_TestRunner" name="runScenario" time="49.054"/>
</testsuite> <!-- runners.iOS_TestRunner -->
