<?xml version="1.0" encoding="UTF-8"?>
<!-- Generated by org.testng.reporters.JUnitReportReporter -->
<testsuite hostname="Thinktimes-MacBook-Air.local" failures="0" tests="1" name="runners.Android_TestRunner" time="21.927" errors="0" timestamp="2025-03-18T17:35:56 IST" skipped="0">
  <testcase classname="runners.Android_TestRunner" name="runScenario" time="21.927"/>
</testsuite> <!-- runners.Android_TestRunner -->
